2019-10-01 16:38:34,920 [Worker-6: Loading available Gradle versions] INFO  o.e.b.c.i.u.g.PublishedGradleVersions - Gradle version information cache is up-to-date. Trying to read.
2019-10-01 16:39:51,321 [Worker-7: Updating Maven Dependencies] INFO  o.e.m.c.i.l.LifecycleMappingFactory - Using org.eclipse.m2e.jdt.JarLifecycleMapping lifecycle mapping for MavenProject: org.javaIsCreep.server:server:0.0.1-SNAPSHOT @ D:\danin\Clase\uni\Cuarto\Juegos para red y redes sociales\Prueba\Java-Is-Creep.github.io\Servidor\server\pom.xml.
2019-10-01 16:39:51,321 [Worker-11: Building workspace] INFO  o.e.m.c.i.l.LifecycleMappingFactory - Using org.eclipse.m2e.jdt.JarLifecycleMapping lifecycle mapping for MavenProject: org.javaIsCreep.server:server:0.0.1-SNAPSHOT @ D:\danin\Clase\uni\Cuarto\Juegos para red y redes sociales\Prueba\Java-Is-Creep.github.io\Servidor\server\pom.xml.
2019-10-01 16:39:52,845 [Worker-11: Building workspace] INFO  o.e.m.c.i.embedder.EclipseLogger - Using 'UTF-8' encoding to copy filtered resources.
2019-10-01 16:39:52,853 [Worker-11: Building workspace] INFO  o.e.m.c.i.embedder.EclipseLogger - Copying 0 resource
2019-10-01 16:39:52,857 [Worker-11: Building workspace] INFO  o.e.m.c.i.embedder.EclipseLogger - Copying 10 resources
2019-10-01 16:39:53,030 [Worker-11: Building workspace] INFO  o.e.m.c.i.embedder.EclipseLogger - Using 'UTF-8' encoding to copy filtered resources.
2019-10-01 16:39:53,030 [Worker-11: Building workspace] INFO  o.e.m.c.i.embedder.EclipseLogger - skip non existing resourceDirectory D:\danin\Clase\uni\Cuarto\Juegos para red y redes sociales\Prueba\Java-Is-Creep.github.io\Servidor\server\src\test\resources
2019-10-01 16:39:53,730 [Worker-3: Building workspace] INFO  o.e.m.c.i.embedder.EclipseLogger - Using 'UTF-8' encoding to copy filtered resources.
2019-10-01 16:39:53,736 [Worker-3: Building workspace] INFO  o.e.m.c.i.embedder.EclipseLogger - Copying 0 resource
2019-10-01 16:39:53,738 [Worker-3: Building workspace] INFO  o.e.m.c.i.embedder.EclipseLogger - Copying 10 resources
2019-10-01 16:39:53,797 [Worker-3: Building workspace] INFO  o.e.m.c.i.embedder.EclipseLogger - Using 'UTF-8' encoding to copy filtered resources.
2019-10-01 16:39:53,797 [Worker-3: Building workspace] INFO  o.e.m.c.i.embedder.EclipseLogger - skip non existing resourceDirectory D:\danin\Clase\uni\Cuarto\Juegos para red y redes sociales\Prueba\Java-Is-Creep.github.io\Servidor\server\src\test\resources
2019-10-01 16:39:54,795 [Worker-14: Updating Maven Dependencies] INFO  o.e.m.c.i.l.LifecycleMappingFactory - Using org.eclipse.m2e.jdt.JarLifecycleMapping lifecycle mapping for MavenProject: org.javaIsCreep.server:server:0.0.1-SNAPSHOT @ D:\danin\Clase\uni\Cuarto\Juegos para red y redes sociales\Prueba\Java-Is-Creep.github.io\Servidor\server\pom.xml.
2019-10-01 16:39:55,649 [Worker-12: Building workspace] INFO  o.e.m.c.i.embedder.EclipseLogger - Using 'UTF-8' encoding to copy filtered resources.
2019-10-01 16:39:55,652 [Worker-12: Building workspace] INFO  o.e.m.c.i.embedder.EclipseLogger - Copying 0 resource
2019-10-01 16:39:55,652 [Worker-12: Building workspace] INFO  o.e.m.c.i.embedder.EclipseLogger - Copying 0 resource
2019-10-01 16:39:55,656 [Worker-12: Building workspace] INFO  o.e.m.c.i.embedder.EclipseLogger - Using 'UTF-8' encoding to copy filtered resources.
2019-10-01 16:39:55,657 [Worker-12: Building workspace] INFO  o.e.m.c.i.embedder.EclipseLogger - skip non existing resourceDirectory D:\danin\Clase\uni\Cuarto\Juegos para red y redes sociales\Prueba\Java-Is-Creep.github.io\Servidor\server\src\test\resources
2019-10-01 16:43:43,668 [Worker-18: Building workspace] INFO  o.e.m.c.i.embedder.EclipseLogger - Using 'UTF-8' encoding to copy filtered resources.
2019-10-01 16:43:43,670 [Worker-18: Building workspace] INFO  o.e.m.c.i.embedder.EclipseLogger - Copying 0 resource
2019-10-01 16:43:43,672 [Worker-18: Building workspace] INFO  o.e.m.c.i.embedder.EclipseLogger - Copying 10 resources
2019-10-01 16:43:43,683 [Worker-18: Building workspace] INFO  o.e.m.c.i.embedder.EclipseLogger - Using 'UTF-8' encoding to copy filtered resources.
2019-10-01 16:43:43,684 [Worker-18: Building workspace] INFO  o.e.m.c.i.embedder.EclipseLogger - skip non existing resourceDirectory D:\danin\Clase\uni\Cuarto\Juegos para red y redes sociales\Prueba\Java-Is-Creep.github.io\Servidor\server\src\test\resources
2019-10-01 16:43:44,729 [Worker-10: Building workspace] INFO  o.e.m.c.i.embedder.EclipseLogger - Using 'UTF-8' encoding to copy filtered resources.
2019-10-01 16:43:44,734 [Worker-10: Building workspace] INFO  o.e.m.c.i.embedder.EclipseLogger - Copying 0 resource
2019-10-01 16:43:44,736 [Worker-10: Building workspace] INFO  o.e.m.c.i.embedder.EclipseLogger - Copying 10 resources
2019-10-01 16:43:44,740 [Worker-10: Building workspace] INFO  o.e.m.c.i.embedder.EclipseLogger - Using 'UTF-8' encoding to copy filtered resources.
2019-10-01 16:43:44,740 [Worker-10: Building workspace] INFO  o.e.m.c.i.embedder.EclipseLogger - skip non existing resourceDirectory D:\danin\Clase\uni\Cuarto\Juegos para red y redes sociales\Prueba\Java-Is-Creep.github.io\Servidor\server\src\test\resources
2019-10-01 16:44:11,914 [Worker-8: Building workspace] INFO  o.e.m.c.i.embedder.EclipseLogger - Using 'UTF-8' encoding to copy filtered resources.
2019-10-01 16:44:11,915 [Worker-8: Building workspace] INFO  o.e.m.c.i.embedder.EclipseLogger - Copying 0 resource
2019-10-01 16:44:11,917 [Worker-8: Building workspace] INFO  o.e.m.c.i.embedder.EclipseLogger - Copying 10 resources
2019-10-01 16:44:11,920 [Worker-8: Building workspace] INFO  o.e.m.c.i.embedder.EclipseLogger - Using 'UTF-8' encoding to copy filtered resources.
2019-10-01 16:44:11,920 [Worker-8: Building workspace] INFO  o.e.m.c.i.embedder.EclipseLogger - skip non existing resourceDirectory D:\danin\Clase\uni\Cuarto\Juegos para red y redes sociales\Prueba\Java-Is-Creep.github.io\Servidor\server\src\test\resources
2019-10-01 16:44:56,240 [Worker-8: Building workspace] INFO  o.e.m.c.i.embedder.EclipseLogger - Using 'UTF-8' encoding to copy filtered resources.
2019-10-01 16:44:56,243 [Worker-8: Building workspace] INFO  o.e.m.c.i.embedder.EclipseLogger - Copying 0 resource
2019-10-01 16:44:56,245 [Worker-8: Building workspace] INFO  o.e.m.c.i.embedder.EclipseLogger - Copying 10 resources
2019-10-01 16:44:56,251 [Worker-8: Building workspace] INFO  o.e.m.c.i.embedder.EclipseLogger - Using 'UTF-8' encoding to copy filtered resources.
2019-10-01 16:44:56,253 [Worker-8: Building workspace] INFO  o.e.m.c.i.embedder.EclipseLogger - skip non existing resourceDirectory D:\danin\Clase\uni\Cuarto\Juegos para red y redes sociales\Prueba\Java-Is-Creep.github.io\Servidor\server\src\test\resources
2019-10-01 16:50:07,631 [Worker-10: Building workspace] INFO  o.e.m.c.i.embedder.EclipseLogger - Using 'UTF-8' encoding to copy filtered resources.
2019-10-01 16:50:07,633 [Worker-10: Building workspace] INFO  o.e.m.c.i.embedder.EclipseLogger - Copying 0 resource
2019-10-01 16:50:07,635 [Worker-10: Building workspace] INFO  o.e.m.c.i.embedder.EclipseLogger - Copying 10 resources
2019-10-01 16:50:07,641 [Worker-10: Building workspace] INFO  o.e.m.c.i.embedder.EclipseLogger - Using 'UTF-8' encoding to copy filtered resources.
2019-10-01 16:50:07,642 [Worker-10: Building workspace] INFO  o.e.m.c.i.embedder.EclipseLogger - skip non existing resourceDirectory D:\danin\Clase\uni\Cuarto\Juegos para red y redes sociales\Prueba\Java-Is-Creep.github.io\Servidor\server\src\test\resources
2019-10-01 16:51:18,579 [Worker-2: Building workspace] INFO  o.e.m.c.i.embedder.EclipseLogger - Using 'UTF-8' encoding to copy filtered resources.
2019-10-01 16:51:18,580 [Worker-2: Building workspace] INFO  o.e.m.c.i.embedder.EclipseLogger - Copying 0 resource
2019-10-01 16:51:18,582 [Worker-2: Building workspace] INFO  o.e.m.c.i.embedder.EclipseLogger - Copying 10 resources
2019-10-01 16:51:18,589 [Worker-2: Building workspace] INFO  o.e.m.c.i.embedder.EclipseLogger - Using 'UTF-8' encoding to copy filtered resources.
2019-10-01 16:51:18,589 [Worker-2: Building workspace] INFO  o.e.m.c.i.embedder.EclipseLogger - skip non existing resourceDirectory D:\danin\Clase\uni\Cuarto\Juegos para red y redes sociales\Prueba\Java-Is-Creep.github.io\Servidor\server\src\test\resources
2019-10-01 16:51:31,557 [Worker-8: Building workspace] INFO  o.e.m.c.i.embedder.EclipseLogger - Using 'UTF-8' encoding to copy filtered resources.
2019-10-01 16:51:31,559 [Worker-8: Building workspace] INFO  o.e.m.c.i.embedder.EclipseLogger - Copying 0 resource
2019-10-01 16:51:31,560 [Worker-8: Building workspace] INFO  o.e.m.c.i.embedder.EclipseLogger - Copying 10 resources
2019-10-01 16:51:31,566 [Worker-8: Building workspace] INFO  o.e.m.c.i.embedder.EclipseLogger - Using 'UTF-8' encoding to copy filtered resources.
2019-10-01 16:51:31,566 [Worker-8: Building workspace] INFO  o.e.m.c.i.embedder.EclipseLogger - skip non existing resourceDirectory D:\danin\Clase\uni\Cuarto\Juegos para red y redes sociales\Prueba\Java-Is-Creep.github.io\Servidor\server\src\test\resources
2019-10-01 16:54:13,860 [Worker-2: Building workspace] INFO  o.e.m.c.i.embedder.EclipseLogger - Using 'UTF-8' encoding to copy filtered resources.
2019-10-01 16:54:13,865 [Worker-2: Building workspace] INFO  o.e.m.c.i.embedder.EclipseLogger - Copying 0 resource
2019-10-01 16:54:13,866 [Worker-2: Building workspace] INFO  o.e.m.c.i.embedder.EclipseLogger - Copying 10 resources
2019-10-01 16:54:13,870 [Worker-2: Building workspace] INFO  o.e.m.c.i.embedder.EclipseLogger - Using 'UTF-8' encoding to copy filtered resources.
2019-10-01 16:54:13,870 [Worker-2: Building workspace] INFO  o.e.m.c.i.embedder.EclipseLogger - skip non existing resourceDirectory D:\danin\Clase\uni\Cuarto\Juegos para red y redes sociales\Prueba\Java-Is-Creep.github.io\Servidor\server\src\test\resources
2019-10-01 16:55:13,350 [Worker-10: Building workspace] INFO  o.e.m.c.i.embedder.EclipseLogger - Using 'UTF-8' encoding to copy filtered resources.
2019-10-01 16:55:13,353 [Worker-10: Building workspace] INFO  o.e.m.c.i.embedder.EclipseLogger - Copying 0 resource
2019-10-01 16:55:13,357 [Worker-10: Building workspace] INFO  o.e.m.c.i.embedder.EclipseLogger - Copying 10 resources
2019-10-01 16:55:13,364 [Worker-10: Building workspace] INFO  o.e.m.c.i.embedder.EclipseLogger - Using 'UTF-8' encoding to copy filtered resources.
2019-10-01 16:55:13,364 [Worker-10: Building workspace] INFO  o.e.m.c.i.embedder.EclipseLogger - skip non existing resourceDirectory D:\danin\Clase\uni\Cuarto\Juegos para red y redes sociales\Prueba\Java-Is-Creep.github.io\Servidor\server\src\test\resources
2019-10-01 17:00:54,680 [Worker-8: Loading available Gradle versions] INFO  o.e.b.c.i.u.g.PublishedGradleVersions - Gradle version information cache is up-to-date. Trying to read.
2019-10-01 17:00:56,877 [Worker-7: Building workspace] INFO  o.e.m.c.i.embedder.EclipseLogger - Using 'UTF-8' encoding to copy filtered resources.
2019-10-01 17:00:56,881 [Worker-7: Building workspace] INFO  o.e.m.c.i.embedder.EclipseLogger - Copying 0 resource
2019-10-01 17:00:56,883 [Worker-7: Building workspace] INFO  o.e.m.c.i.embedder.EclipseLogger - Copying 10 resources
2019-10-01 17:00:56,944 [Worker-7: Building workspace] INFO  o.e.m.c.i.embedder.EclipseLogger - Using 'UTF-8' encoding to copy filtered resources.
2019-10-01 17:00:56,944 [Worker-7: Building workspace] INFO  o.e.m.c.i.embedder.EclipseLogger - skip non existing resourceDirectory D:\danin\Clase\uni\Cuarto\Juegos para red y redes sociales\Prueba\Java-Is-Creep.github.io\Servidor\server\src\test\resources
2019-10-01 17:00:58,017 [Worker-10: Building workspace] INFO  o.e.m.c.i.embedder.EclipseLogger - Using 'UTF-8' encoding to copy filtered resources.
2019-10-01 17:00:58,021 [Worker-10: Building workspace] INFO  o.e.m.c.i.embedder.EclipseLogger - Copying 0 resource
2019-10-01 17:00:58,024 [Worker-10: Building workspace] INFO  o.e.m.c.i.embedder.EclipseLogger - Copying 10 resources
2019-10-01 17:00:58,029 [Worker-10: Building workspace] INFO  o.e.m.c.i.embedder.EclipseLogger - Using 'UTF-8' encoding to copy filtered resources.
2019-10-01 17:00:58,029 [Worker-10: Building workspace] INFO  o.e.m.c.i.embedder.EclipseLogger - skip non existing resourceDirectory D:\danin\Clase\uni\Cuarto\Juegos para red y redes sociales\Prueba\Java-Is-Creep.github.io\Servidor\server\src\test\resources
2019-10-01 17:01:11,479 [Worker-3: Building workspace] INFO  o.e.m.c.i.embedder.EclipseLogger - Using 'UTF-8' encoding to copy filtered resources.
2019-10-01 17:01:11,482 [Worker-3: Building workspace] INFO  o.e.m.c.i.embedder.EclipseLogger - Copying 0 resource
2019-10-01 17:01:11,482 [Worker-3: Building workspace] INFO  o.e.m.c.i.embedder.EclipseLogger - Copying 2 resources
2019-10-01 17:01:11,485 [Worker-3: Building workspace] INFO  o.e.m.c.i.embedder.EclipseLogger - Using 'UTF-8' encoding to copy filtered resources.
2019-10-01 17:01:11,485 [Worker-3: Building workspace] INFO  o.e.m.c.i.embedder.EclipseLogger - skip non existing resourceDirectory D:\danin\Clase\uni\Cuarto\Juegos para red y redes sociales\Prueba\Java-Is-Creep.github.io\Servidor\server\src\test\resources
2019-10-02 19:10:38,848 [Worker-9: Loading available Gradle versions] INFO  o.e.b.c.i.u.g.PublishedGradleVersions - Gradle version information cache is out-of-date. Trying to update.
2019-10-02 19:18:04,176 [Worker-8: Loading available Gradle versions] INFO  o.e.b.c.i.u.g.PublishedGradleVersions - Gradle version information cache is up-to-date. Trying to read.
